Traceback (most recent call last):
  File "C:\Users\Admin\Downloads\Code\OOPFinalProject\Project\.venv\Lib\site-packages\botasaurus\browser_decorator.py", line 201, in run_task
    result = func(driver, data)
  File "c:\Users\Admin\Downloads\Code\OOPFinalProject\Project\web_scrape.py", line 13, in scrape_website_html
    driver.get(link, bypass_cloudflare=True)
    ~~~~~~~~~~^^^^^^^^^^^^^^^^^^^^^^^^^^^^^^
  File "C:\Users\Admin\Downloads\Code\OOPFinalProject\Project\.venv\Lib\site-packages\botasaurus_driver\driver.py", line 2172, in get
    self._tab = self._browser.get(link, )
                ~~~~~~~~~~~~~~~~~^^^^^^^^
  File "C:\Users\Admin\Downloads\Code\OOPFinalProject\Project\.venv\Lib\site-packages\botasaurus_driver\core\browser.py", line 310, in get
    frame_id, _, *_ = connection.send(cdp.page.navigate(url, referrer=referrer))
                      ~~~~~~~~~~~~~~~^^^^^^^^^^^^^^^^^^^^^^^^^^^^^^^^^^^^^^^^^^^
  File "C:\Users\Admin\Downloads\Code\OOPFinalProject\Project\.venv\Lib\site-packages\botasaurus_driver\core\connection.py", line 290, in send
    return self.perform_send(cdp_obj, _is_update, wait_for_response)
           ~~~~~~~~~~~~~~~~~^^^^^^^^^^^^^^^^^^^^^^^^^^^^^^^^^^^^^^^^
  File "C:\Users\Admin\Downloads\Code\OOPFinalProject\Project\.venv\Lib\site-packages\botasaurus_driver\core\connection.py", line 311, in perform_send
    result = parse_response(result, cdp_obj)
  File "C:\Users\Admin\Downloads\Code\OOPFinalProject\Project\.venv\Lib\site-packages\botasaurus_driver\core\connection.py", line 50, in parse_response
    raise ChromeException(response["error"])
botasaurus_driver.exceptions.ChromeException: Invalid parameters [code: -32602]
